#
# There is insufficient memory for the Java Runtime Environment to continue.
# Native memory allocation (mmap) failed to map 173539328 bytes for committing reserved memory.
# Possible reasons:
#   The system is out of physical RAM or swap space
#   The process is running with CompressedOops enabled, and the Java Heap may be blocking the growth of the native heap
# Possible solutions:
#   Reduce memory load on the system
#   Increase physical memory or swap space
#   Check if swap backing store is full
#   Decrease Java heap size (-Xmx/-Xms)
#   Decrease number of Java threads
#   Decrease Java thread stack sizes (-Xss)
#   Set larger code cache with -XX:ReservedCodeCacheSize=
# This output file may be truncated or incomplete.
#
#  Out of Memory Error (os_linux.cpp:2753), pid=3628, tid=0x00007f695b835700
#
# JRE version:  (8.0_202-b39) (build )
# Java VM: OpenJDK 64-Bit Server VM (25.202-b39 mixed mode linux-amd64 compressed oops)
# Failed to write core dump. Core dumps have been disabled. To enable core dumping, try "ulimit -c unlimited" before starting Java again
#

---------------  T H R E A D  ---------------

Current thread (0x00007f695400b000):  JavaThread "Unknown thread" [_thread_in_vm, id=3629, stack(0x00007f695b736000,0x00007f695b836000)]

Stack: [0x00007f695b736000,0x00007f695b836000],  sp=0x00007f695b8343e0,  free space=1016k
Native frames: (J=compiled Java code, j=interpreted, Vv=VM code, C=native code)
V  [libjvm.so+0xa4458e]  VMError::report_and_die()+0x14e
V  [libjvm.so+0x4dfff9]  report_vm_out_of_memory(char const*, int, unsigned long, VMErrorType, char const*)+0x99
V  [libjvm.so+0x8b4313]  os::Linux::commit_memory_impl(char*, unsigned long, bool)+0x113
V  [libjvm.so+0x8b4539]  os::pd_commit_memory(char*, unsigned long, unsigned long, bool)+0x29
V  [libjvm.so+0x8a95ca]  os::commit_memory(char*, unsigned long, unsigned long, bool)+0x2a
V  [libjvm.so+0x91906b]  PSVirtualSpace::expand_by(unsigned long)+0x6b
V  [libjvm.so+0x909659]  PSOldGen::initialize(ReservedSpace, unsigned long, char const*, int)+0xc9
V  [libjvm.so+0x2d224e]  AdjoiningGenerations::AdjoiningGenerations(ReservedSpace, GenerationSizer*, unsigned long)+0x38e
V  [libjvm.so+0x8d1197]  ParallelScavengeHeap::initialize()+0x1e7
V  [libjvm.so+0xa0efd1]  Universe::initialize_heap()+0x101
V  [libjvm.so+0xa10083]  universe_init()+0x33
V  [libjvm.so+0x60d435]  init_globals()+0x55
V  [libjvm.so+0x9f4aa7]  Threads::create_vm(JavaVMInitArgs*, bool*)+0x207
V  [libjvm.so+0x6723c4]  JNI_CreateJavaVM+0x74
C  [libjli.so+0x75f7]  JavaMain+0x87
C  [libpthread.so.0+0x7a9d]  start_thread+0xfd


---------------  P R O C E S S  ---------------

Java Threads: ( => current thread )

Other Threads:

=>0x00007f695400b000 (exited) JavaThread "Unknown thread" [_thread_in_vm, id=3629, stack(0x00007f695b736000,0x00007f695b836000)]

VM state:not at safepoint (not fully initialized)

VM Mutex/Monitor currently owned by a thread: None

heap address: 0x00000006c8800000, size: 3960 MB, Compressed Oops mode: Non-zero based:0x00000006c87ff000, Oop shift amount: 3
Narrow klass base: 0x0000000000000000, Narrow klass shift: 0

GC Heap History (0 events):
No events

Deoptimization events (0 events):
No events

Classes redefined (0 events):
No events

Internal exceptions (0 events):
No events

Events (0 events):
No events


Dynamic libraries:
00400000-00401000 r-xp 00000000 00:37 8288148                            /am/embassy/vol/x6/jetbrains/apps/IDEA-U/ch-0/191.6183.87/jre64/bin/java
00600000-00601000 rw-p 00000000 00:37 8288148                            /am/embassy/vol/x6/jetbrains/apps/IDEA-U/ch-0/191.6183.87/jre64/bin/java
011f1000-01212000 rw-p 00000000 00:00 0                                  [heap]
6d2d80000-76d800000 ---p 00000000 00:00 0 
76d800000-772a80000 rw-p 00000000 00:00 0 
772a80000-7c0000000 ---p 00000000 00:00 0 
7f6945000000-7f6945270000 rwxp 00000000 00:00 0 
7f6945270000-7f6954000000 ---p 00000000 00:00 0 
7f6954000000-7f6954039000 rw-p 00000000 00:00 0 
7f6954039000-7f6958000000 ---p 00000000 00:00 0 
7f695a2dc000-7f695a558000 rw-p 00000000 00:00 0 
7f695a558000-7f695aa80000 ---p 00000000 00:00 0 
7f695aa80000-7f695aaaa000 rw-p 00000000 00:00 0 
7f695aaaa000-7f695ad14000 ---p 00000000 00:00 0 
7f695ad14000-7f695ad1f000 rw-p 00000000 00:00 0 
7f695ad1f000-7f695b0d5000 ---p 00000000 00:00 0 
7f695b0d5000-7f695b0f0000 r-xp 00000000 00:37 8288069                    /am/embassy/vol/x6/jetbrains/apps/IDEA-U/ch-0/191.6183.87/jre64/lib/amd64/libzip.so
7f695b0f0000-7f695b2ef000 ---p 0001b000 00:37 8288069                    /am/embassy/vol/x6/jetbrains/apps/IDEA-U/ch-0/191.6183.87/jre64/lib/amd64/libzip.so
7f695b2ef000-7f695b2f0000 rw-p 0001a000 00:37 8288069                    /am/embassy/vol/x6/jetbrains/apps/IDEA-U/ch-0/191.6183.87/jre64/lib/amd64/libzip.so
7f695b2f0000-7f695b31a000 r-xp 00000000 00:37 8288036                    /am/embassy/vol/x6/jetbrains/apps/IDEA-U/ch-0/191.6183.87/jre64/lib/amd64/libjava.so
7f695b31a000-7f695b519000 ---p 0002a000 00:37 8288036                    /am/embassy/vol/x6/jetbrains/apps/IDEA-U/ch-0/191.6183.87/jre64/lib/amd64/libjava.so
7f695b519000-7f695b51b000 rw-p 00029000 00:37 8288036                    /am/embassy/vol/x6/jetbrains/apps/IDEA-U/ch-0/191.6183.87/jre64/lib/amd64/libjava.so
7f695b51b000-7f695b52a000 r-xp 00000000 00:37 8288068                    /am/embassy/vol/x6/jetbrains/apps/IDEA-U/ch-0/191.6183.87/jre64/lib/amd64/libverify.so
7f695b52a000-7f695b729000 ---p 0000f000 00:37 8288068                    /am/embassy/vol/x6/jetbrains/apps/IDEA-U/ch-0/191.6183.87/jre64/lib/amd64/libverify.so
7f695b729000-7f695b72b000 rw-p 0000e000 00:37 8288068                    /am/embassy/vol/x6/jetbrains/apps/IDEA-U/ch-0/191.6183.87/jre64/lib/amd64/libverify.so
7f695b72b000-7f695b72d000 r--p 00000000 08:04 1257597                    /usr/lib/librt-2.28.so
7f695b72d000-7f695b731000 r-xp 00002000 08:04 1257597                    /usr/lib/librt-2.28.so
7f695b731000-7f695b733000 r--p 00006000 08:04 1257597                    /usr/lib/librt-2.28.so
7f695b733000-7f695b734000 r--p 00007000 08:04 1257597                    /usr/lib/librt-2.28.so
7f695b734000-7f695b735000 rw-p 00008000 08:04 1257597                    /usr/lib/librt-2.28.so
7f695b735000-7f695b736000 ---p 00000000 00:00 0 
7f695b736000-7f695b739000 ---p 00000000 00:00 0 
7f695b739000-7f695b836000 rw-p 00000000 00:00 0 
7f695b836000-7f695b843000 r--p 00000000 08:04 1257417                    /usr/lib/libm-2.28.so
7f695b843000-7f695b8e4000 r-xp 0000d000 08:04 1257417                    /usr/lib/libm-2.28.so
7f695b8e4000-7f695b9b9000 r--p 000ae000 08:04 1257417                    /usr/lib/libm-2.28.so
7f695b9b9000-7f695b9ba000 r--p 00182000 08:04 1257417                    /usr/lib/libm-2.28.so
7f695b9ba000-7f695b9bb000 rw-p 00183000 08:04 1257417                    /usr/lib/libm-2.28.so
7f695b9bb000-7f695c60a000 r-xp 00000000 00:37 8288060                    /am/embassy/vol/x6/jetbrains/apps/IDEA-U/ch-0/191.6183.87/jre64/lib/amd64/server/libjvm.so
7f695c60a000-7f695c80a000 ---p 00c4f000 00:37 8288060                    /am/embassy/vol/x6/jetbrains/apps/IDEA-U/ch-0/191.6183.87/jre64/lib/amd64/server/libjvm.so
7f695c80a000-7f695c8da000 rw-p 00c4f000 00:37 8288060                    /am/embassy/vol/x6/jetbrains/apps/IDEA-U/ch-0/191.6183.87/jre64/lib/amd64/server/libjvm.so
7f695c8da000-7f695c91e000 rw-p 00000000 00:00 0 
7f695c91e000-7f695c940000 r--p 00000000 08:04 1257031                    /usr/lib/libc-2.28.so
7f695c940000-7f695ca8b000 r-xp 00022000 08:04 1257031                    /usr/lib/libc-2.28.so
7f695ca8b000-7f695cad7000 r--p 0016d000 08:04 1257031                    /usr/lib/libc-2.28.so
7f695cad7000-7f695cad8000 ---p 001b9000 08:04 1257031                    /usr/lib/libc-2.28.so
7f695cad8000-7f695cadc000 r--p 001b9000 08:04 1257031                    /usr/lib/libc-2.28.so
7f695cadc000-7f695cade000 rw-p 001bd000 08:04 1257031                    /usr/lib/libc-2.28.so
7f695cade000-7f695cae2000 rw-p 00000000 00:00 0 
7f695cae2000-7f695cae3000 r--p 00000000 08:04 1186977                    /usr/lib/libdl-2.28.so
7f695cae3000-7f695cae4000 r-xp 00001000 08:04 1186977                    /usr/lib/libdl-2.28.so
7f695cae4000-7f695cae5000 r--p 00002000 08:04 1186977                    /usr/lib/libdl-2.28.so
7f695cae5000-7f695cae6000 r--p 00002000 08:04 1186977                    /usr/lib/libdl-2.28.so
7f695cae6000-7f695cae7000 rw-p 00003000 08:04 1186977                    /usr/lib/libdl-2.28.so
7f695cae7000-7f695cafc000 r-xp 00000000 00:37 8288017                    /am/embassy/vol/x6/jetbrains/apps/IDEA-U/ch-0/191.6183.87/jre64/lib/amd64/jli/libjli.so
7f695cafc000-7f695ccfc000 ---p 00015000 00:37 8288017                    /am/embassy/vol/x6/jetbrains/apps/IDEA-U/ch-0/191.6183.87/jre64/lib/amd64/jli/libjli.so
7f695ccfc000-7f695ccfd000 rw-p 00015000 00:37 8288017                    /am/embassy/vol/x6/jetbrains/apps/IDEA-U/ch-0/191.6183.87/jre64/lib/amd64/jli/libjli.so
7f695ccfd000-7f695cd03000 r--p 00000000 08:04 1216401                    /usr/lib/libpthread-2.28.so
7f695cd03000-7f695cd12000 r-xp 00006000 08:04 1216401                    /usr/lib/libpthread-2.28.so
7f695cd12000-7f695cd18000 r--p 00015000 08:04 1216401                    /usr/lib/libpthread-2.28.so
7f695cd18000-7f695cd19000 r--p 0001a000 08:04 1216401                    /usr/lib/libpthread-2.28.so
7f695cd19000-7f695cd1a000 rw-p 0001b000 08:04 1216401                    /usr/lib/libpthread-2.28.so
7f695cd1a000-7f695cd20000 rw-p 00000000 00:00 0 
7f695cd41000-7f695cd49000 rw-s 00000000 00:2c 651051                     /tmp/hsperfdata_hoongkevi/3628
7f695cd49000-7f695cd4c000 r--p 00000000 08:04 1257484                    /usr/lib/libnss_files-2.28.so
7f695cd4c000-7f695cd53000 r-xp 00003000 08:04 1257484                    /usr/lib/libnss_files-2.28.so
7f695cd53000-7f695cd56000 r--p 0000a000 08:04 1257484                    /usr/lib/libnss_files-2.28.so
7f695cd56000-7f695cd57000 r--p 0000c000 08:04 1257484                    /usr/lib/libnss_files-2.28.so
7f695cd57000-7f695cd58000 rw-p 0000d000 08:04 1257484                    /usr/lib/libnss_files-2.28.so
7f695cd58000-7f695cd5f000 rw-p 00000000 00:00 0 
7f695cd5f000-7f695cd60000 r--p 00000000 00:00 0 
7f695cd60000-7f695cd62000 r--p 00000000 08:04 1256308                    /usr/lib/ld-2.28.so
7f695cd62000-7f695cd81000 r-xp 00002000 08:04 1256308                    /usr/lib/ld-2.28.so
7f695cd81000-7f695cd89000 r--p 00021000 08:04 1256308                    /usr/lib/ld-2.28.so
7f695cd89000-7f695cd8a000 r--p 00028000 08:04 1256308                    /usr/lib/ld-2.28.so
7f695cd8a000-7f695cd8b000 rw-p 00029000 08:04 1256308                    /usr/lib/ld-2.28.so
7f695cd8b000-7f695cd8c000 rw-p 00000000 00:00 0 
7ffdd56eb000-7ffdd570c000 rw-p 00000000 00:00 0                          [stack]
7ffdd578e000-7ffdd5791000 r--p 00000000 00:00 0                          [vvar]
7ffdd5791000-7ffdd5793000 r-xp 00000000 00:00 0                          [vdso]

VM Arguments:
java_command: org.jetbrains.git4idea.http.GitAskPassApp Password for 'https://gitlab.ecs.vuw.ac.nz': 
java_class_path (initial): /am/embassy/vol/x6/jetbrains/apps/IDEA-U/ch-0/191.6183.87/plugins/git4idea/lib/git4idea-rt.jar:/am/embassy/vol/x6/jetbrains/apps/IDEA-U/ch-0/191.6183.87/lib/xmlrpc-2.0.1.jar:/am/embassy/vol/x6/jetbrains/apps/IDEA-U/ch-0/191.6183.87/lib/commons-codec-1.10.jar:/am/embassy/vol/x6/jetbrains/apps/IDEA-U/ch-0/191.6183.87/lib/util.jar
Launcher Type: SUN_STANDARD

Environment Variables:
JAVA_HOME=/usr/pkg/java/sun-8
CLASSPATH=/vol/x6/jetbrains/idea-current/lib/bootstrap.jar:/vol/x6/jetbrains/idea-current/lib/extensions.jar:/vol/x6/jetbrains/idea-current/lib/util.jar:/vol/x6/jetbrains/idea-current/lib/jdom.jar:/vol/x6/jetbrains/idea-current/lib/log4j.jar:/vol/x6/jetbrains/idea-current/lib/trove4j.jar:/vol/x6/jetbrains/idea-current/lib/jna.jar:/vol/x6/jetbrains/idea-current/jre64/lib/tools.jar
PATH=/usr/pkg/libexec/git-core:/usr/pkg/java/bin:/usr/pkg/java/sun-8/bin:/usr/local/bin:/usr/pkg/bin:/bin:/usr/bin:/usr/pkg/sbin
SHELL=/bin/zsh
DISPLAY=:0
OSTYPE=linux
MACHTYPE=x86_64
OS=linux

Signal Handlers:
SIGSEGV: [libjvm.so+0xa44f70], sa_mask[0]=11111111011111111101111111111110, sa_flags=SA_RESTART|SA_SIGINFO
SIGBUS: [libjvm.so+0xa44f70], sa_mask[0]=11111111011111111101111111111110, sa_flags=SA_RESTART|SA_SIGINFO
SIGFPE: [libjvm.so+0x8add30], sa_mask[0]=11111111011111111101111111111110, sa_flags=SA_RESTART|SA_SIGINFO
SIGPIPE: [libjvm.so+0x8add30], sa_mask[0]=11111111011111111101111111111110, sa_flags=SA_RESTART|SA_SIGINFO
SIGXFSZ: [libjvm.so+0x8add30], sa_mask[0]=11111111011111111101111111111110, sa_flags=SA_RESTART|SA_SIGINFO
SIGILL: [libjvm.so+0x8add30], sa_mask[0]=11111111011111111101111111111110, sa_flags=SA_RESTART|SA_SIGINFO
SIGUSR1: SIG_DFL, sa_mask[0]=00000000000000000000000000000000, sa_flags=none
SIGUSR2: [libjvm.so+0x8af430], sa_mask[0]=00100000000000000000000000000000, sa_flags=SA_RESTART|SA_SIGINFO
SIGHUP: SIG_DFL, sa_mask[0]=00000000000000000000000000000000, sa_flags=none
SIGINT: SIG_DFL, sa_mask[0]=00000000000000000000000000000000, sa_flags=none
SIGTERM: SIG_DFL, sa_mask[0]=00000000000000000000000000000000, sa_flags=none
SIGQUIT: SIG_DFL, sa_mask[0]=00000000000000000000000000000000, sa_flags=none


---------------  S Y S T E M  ---------------

OS:NAME="Arch Linux"
PRETTY_NAME="Arch Linux"
ID=arch
ID_LIKE=archlinux
ANSI_COLOR="0;36"
HOME_URL="https://www.archlinux.org/"
SUPPORT_URL="https://bbs.archlinux.org/"
BUG_REPORT_URL="https://bugs.archlinux.org/"

uname:Linux 4.18.16-arch1-1-ARCH #1 SMP PREEMPT Sat Oct 20 22:06:45 UTC 2018 x86_64
libc:glibc 2.28 NPTL 2.28 
rlimit: STACK 8192k, CORE 0k, NPROC 63124, NOFILE 4096, AS infinity
load average:15.50 7.10 3.37

/proc/meminfo:
MemTotal:       16215884 kB
MemFree:          173460 kB
MemAvailable:      83724 kB
Buffers:            1628 kB
Cached:           447308 kB
SwapCached:         6696 kB
Active:         13854416 kB
Inactive:        1836956 kB
Active(anon):   13793312 kB
Inactive(anon):  1780020 kB
Active(file):      61104 kB
Inactive(file):    56936 kB
Unevictable:        3512 kB
Mlocked:            3512 kB
SwapTotal:       3631100 kB
SwapFree:              0 kB
Dirty:               464 kB
Writeback:             0 kB
AnonPages:      15240604 kB
Mapped:           157928 kB
Shmem:            327692 kB
Slab:             158436 kB
SReclaimable:      48728 kB
SUnreclaim:       109708 kB
KernelStack:       12288 kB
PageTables:        65372 kB
NFS_Unstable:          0 kB
Bounce:                0 kB
WritebackTmp:          0 kB
CommitLimit:    11739040 kB
Committed_AS:   23762496 kB
VmallocTotal:   34359738367 kB
VmallocUsed:           0 kB
VmallocChunk:          0 kB
HardwareCorrupted:     0 kB
AnonHugePages:         0 kB
ShmemHugePages:        0 kB
ShmemPmdMapped:        0 kB
HugePages_Total:       0
HugePages_Free:        0
HugePages_Rsvd:        0
HugePages_Surp:        0
Hugepagesize:       2048 kB
Hugetlb:               0 kB
DirectMap4k:      293560 kB
DirectMap2M:     8935424 kB
DirectMap1G:     7340032 kB

container (cgroup) information:
container_type: cgroupv1
cpu_cpuset_cpus: 0-11
cpu_memory_nodes: 0
active_processor_count: 12
cpu_quota: -1
cpu_period: 100000
cpu_shares: -1
memory_limit_in_bytes: -1
memory_and_swap_limit_in_bytes: -1
memory_soft_limit_in_bytes: -1
memory_usage_in_bytes: 2139090944
memory_max_usage_in_bytes: 2183921664


CPU:total 12 (initial active 12) (6 cores per cpu, 2 threads per core) family 6 model 158 stepping 10, cmov, cx8, fxsr, mmx, sse, sse2, sse3, ssse3, sse4.1, sse4.2, popcnt, avx, avx2, aes, clmul, erms, rtm, 3dnowpref, lzcnt, ht, tsc, tscinvbit, bmi1, bmi2, adx

/proc/cpuinfo:
processor	: 0
vendor_id	: GenuineIntel
cpu family	: 6
model		: 158
model name	: Intel(R) Core(TM) i7-8700 CPU @ 3.20GHz
stepping	: 10
microcode	: 0x96
cpu MHz		: 4300.001
cache size	: 12288 KB
physical id	: 0
siblings	: 12
core id		: 0
cpu cores	: 6
apicid		: 0
initial apicid	: 0
fpu		: yes
fpu_exception	: yes
cpuid level	: 22
wp		: yes
flags		: fpu vme de pse tsc msr pae mce cx8 apic sep mtrr pge mca cmov pat pse36 clflush dts acpi mmx fxsr sse sse2 ss ht tm pbe syscall nx pdpe1gb rdtscp lm constant_tsc art arch_perfmon pebs bts rep_good nopl xtopology nonstop_tsc cpuid aperfmperf tsc_known_freq pni pclmulqdq dtes64 monitor ds_cpl vmx smx est tm2 ssse3 sdbg fma cx16 xtpr pdcm pcid sse4_1 sse4_2 x2apic movbe popcnt tsc_deadline_timer aes xsave avx f16c rdrand lahf_lm abm 3dnowprefetch cpuid_fault epb invpcid_single pti ssbd ibrs ibpb stibp tpr_shadow vnmi flexpriority ept vpid fsgsbase tsc_adjust bmi1 hle avx2 smep bmi2 erms invpcid rtm mpx rdseed adx smap clflushopt intel_pt xsaveopt xsavec xgetbv1 xsaves dtherm ida arat pln pts hwp hwp_notify hwp_act_window hwp_epp flush_l1d
bugs		: cpu_meltdown spectre_v1 spectre_v2 spec_store_bypass l1tf
bogomips	: 6386.00
clflush size	: 64
cache_alignment	: 64
address sizes	: 39 bits physical, 48 bits virtual
power management:

processor	: 1
vendor_id	: GenuineIntel
cpu family	: 6
model		: 158
model name	: Intel(R) Core(TM) i7-8700 CPU @ 3.20GHz
stepping	: 10
microcode	: 0x96
cpu MHz		: 4300.015
cache size	: 12288 KB
physical id	: 0
siblings	: 12
core id		: 1
cpu cores	: 6
apicid		: 2
initial apicid	: 2
fpu		: yes
fpu_exception	: yes
cpuid level	: 22
wp		: yes
flags		: fpu vme de pse tsc msr pae mce cx8 apic sep mtrr pge mca cmov pat pse36 clflush dts acpi mmx fxsr sse sse2 ss ht tm pbe syscall nx pdpe1gb rdtscp lm constant_tsc art arch_perfmon pebs bts rep_good nopl xtopology nonstop_tsc cpuid aperfmperf tsc_known_freq pni pclmulqdq dtes64 monitor ds_cpl vmx smx est tm2 ssse3 sdbg fma cx16 xtpr pdcm pcid sse4_1 sse4_2 x2apic movbe popcnt tsc_deadline_timer aes xsave avx f16c rdrand lahf_lm abm 3dnowprefetch cpuid_fault epb invpcid_single pti ssbd ibrs ibpb stibp tpr_shadow vnmi flexpriority ept vpid fsgsbase tsc_adjust bmi1 hle avx2 smep bmi2 erms invpcid rtm mpx rdseed adx smap clflushopt intel_pt xsaveopt xsavec xgetbv1 xsaves dtherm ida arat pln pts hwp hwp_notify hwp_act_window hwp_epp flush_l1d
bugs		: cpu_meltdown spectre_v1 spectre_v2 spec_store_bypass l1tf
bogomips	: 6386.00
clflush size	: 64
cache_alignment	: 64
address sizes	: 39 bits physical, 48 bits virtual
power management:

processor	: 2
vendor_id	: GenuineIntel
cpu family	: 6
model		: 158
model name	: Intel(R) Core(TM) i7-8700 CPU @ 3.20GHz
stepping	: 10
microcode	: 0x96
cpu MHz		: 4299.884
cache size	: 12288 KB
physical id	: 0
siblings	: 12
core id		: 2
cpu cores	: 6
apicid		: 4
initial apicid	: 4
fpu		: yes
fpu_exception	: yes
cpuid level	: 22
wp		: yes
flags		: fpu vme de pse tsc msr pae mce cx8 apic sep mtrr pge mca cmov pat pse36 clflush dts acpi mmx fxsr sse sse2 ss ht tm pbe syscall nx pdpe1gb rdtscp lm constant_tsc art arch_perfmon pebs bts rep_good nopl xtopology nonstop_tsc cpuid aperfmperf tsc_known_freq pni pclmulqdq dtes64 monitor ds_cpl vmx smx est tm2 ssse3 sdbg fma cx16 xtpr pdcm pcid sse4_1 sse4_2 x2apic movbe popcnt tsc_deadline_timer aes xsave avx f16c rdrand lahf_lm abm 3dnowprefetch cpuid_fault epb invpcid_single pti ssbd ibrs ibpb stibp tpr_shadow vnmi flexpriority ept vpid fsgsbase tsc_adjust bmi1 hle avx2 smep bmi2 erms invpcid rtm mpx rdseed adx smap clflushopt intel_pt xsaveopt xsavec xgetbv1 xsaves dtherm ida arat pln pts hwp hwp_notify hwp_act_window hwp_epp flush_l1d
bugs		: cpu_meltdown spectre_v1 spectre_v2 spec_store_bypass l1tf
bogomips	: 6386.00
clflush size	: 64
cache_alignment	: 64
address sizes	: 39 bits physical, 48 bits virtual
power management:

processor	: 3
vendor_id	: GenuineIntel
cpu family	: 6
model		: 158
model name	: Intel(R) Core(TM) i7-8700 CPU @ 3.20GHz
stepping	: 10
microcode	: 0x96
cpu MHz		: 4300.009
cache size	: 12288 KB
physical id	: 0
siblings	: 12
core id		: 3
cpu cores	: 6
apicid		: 6
initial apicid	: 6
fpu		: yes
fpu_exception	: yes
cpuid level	: 22
wp		: yes
flags		: fpu vme de pse tsc msr pae mce cx8 apic sep mtrr pge mca cmov pat pse36 clflush dts acpi mmx fxsr sse sse2 ss ht tm pbe syscall nx pdpe1gb rdtscp lm constant_tsc art arch_perfmon pebs bts rep_good nopl xtopology nonstop_tsc cpuid aperfmperf tsc_known_freq pni pclmulqdq dtes64 monitor ds_cpl vmx smx est tm2 ssse3 sdbg fma cx16 xtpr pdcm pcid sse4_1 sse4_2 x2apic movbe popcnt tsc_deadline_timer aes xsave avx f16c rdrand lahf_lm abm 3dnowprefetch cpuid_fault epb invpcid_single pti ssbd ibrs ibpb stibp tpr_shadow vnmi flexpriority ept vpid fsgsbase tsc_adjust bmi1 hle avx2 smep bmi2 erms invpcid rtm mpx rdseed adx smap clflushopt intel_pt xsaveopt xsavec xgetbv1 xsaves dtherm ida arat pln pts hwp hwp_notify hwp_act_window hwp_epp flush_l1d
bugs		: cpu_meltdown spectre_v1 spectre_v2 spec_store_bypass l1tf
bogomips	: 6386.00
clflush size	: 64
cache_alignment	: 64
address sizes	: 39 bits physical, 48 bits virtual
power management:

processor	: 4
vendor_id	: GenuineIntel
cpu family	: 6
model		: 158
model name	: Intel(R) Core(TM) i7-8700 CPU @ 3.20GHz
stepping	: 10
microcode	: 0x96
cpu MHz		: 4299.998
cache size	: 12288 KB
physical id	: 0
siblings	: 12
core id		: 4
cpu cores	: 6
apicid		: 8
initial apicid	: 8
fpu		: yes
fpu_exception	: yes
cpuid level	: 22
wp		: yes
flags		: fpu vme de pse tsc msr pae mce cx8 apic sep mtrr pge mca cmov pat pse36 clflush dts acpi mmx fxsr sse sse2 ss ht tm pbe syscall nx pdpe1gb rdtscp lm constant_tsc art arch_perfmon pebs bts rep_good nopl xtopology nonstop_tsc cpuid aperfmperf tsc_known_freq pni pclmulqdq dtes64 monitor ds_cpl vmx smx est tm2 ssse3 sdbg fma cx16 xtpr pdcm pcid sse4_1 sse4_2 x2apic movbe popcnt tsc_deadline_timer aes xsave avx f16c rdrand lahf_lm abm 3dnowprefetch cpuid_fault epb invpcid_single pti ssbd ibrs ibpb stibp tpr_shadow vnmi flexpriority ept vpid fsgsbase tsc_adjust bmi1 hle avx2 smep bmi2 erms invpcid rtm mpx rdseed adx smap clflushopt intel_pt xsaveopt xsavec xgetbv1 xsaves dtherm ida arat pln pts hwp hwp_notify hwp_act_window hwp_epp flush_l1d
bugs		: cpu_meltdown spectre_v1 spectre_v2 spec_store_bypass l1tf
bogomips	: 6386.00
clflush size	: 64
cache_alignment	: 64
address sizes	: 39 bits physical, 48 bits virtual
power management:

processor	: 5
vendor_id	: GenuineIntel
cpu family	: 6
model		: 158
model name	: Intel(R) Core(TM) i7-8700 CPU @ 3.20GHz
stepping	: 10
microcode	: 0x96
cpu MHz		: 4299.571
cache size	: 12288 KB
physical id	: 0
siblings	: 12
core id		: 5
cpu cores	: 6
apicid		: 10
initial apicid	: 10
fpu		: yes
fpu_exception	: yes
cpuid level	: 22
wp		: yes
flags		: fpu vme de pse tsc msr pae mce cx8 apic sep mtrr pge mca cmov pat pse36 clflush dts acpi mmx fxsr sse sse2 ss ht tm pbe syscall nx pdpe1gb rdtscp lm constant_tsc art arch_perfmon pebs bts rep_good nopl xtopology nonstop_tsc cpuid aperfmperf tsc_known_freq pni pclmulqdq dtes64 monitor ds_cpl vmx smx est tm2 ssse3 sdbg fma cx16 xtpr pdcm pcid sse4_1 sse4_2 x2apic movbe popcnt tsc_deadline_timer aes xsave avx f16c rdrand lahf_lm abm 3dnowprefetch cpuid_fault epb invpcid_single pti ssbd ibrs ibpb stibp tpr_shadow vnmi flexpriority ept vpid fsgsbase tsc_adjust bmi1 hle avx2 smep bmi2 erms invpcid rtm mpx rdseed adx smap clflushopt intel_pt xsaveopt xsavec xgetbv1 xsaves dtherm ida arat pln pts hwp hwp_notify hwp_act_window hwp_epp flush_l1d
bugs		: cpu_meltdown spectre_v1 spectre_v2 spec_store_bypass l1tf
bogomips	: 6386.00
clflush size	: 64
cache_alignment	: 64
address sizes	: 39 bits physical, 48 bits virtual
power management:

processor	: 6
vendor_id	: GenuineIntel
cpu family	: 6
model		: 158
model name	: Intel(R) Core(TM) i7-8700 CPU @ 3.20GHz
stepping	: 10
microcode	: 0x96
cpu MHz		: 4299.808
cache size	: 12288 KB
physical id	: 0
siblings	: 12
core id		: 0
cpu cores	: 6
apicid		: 1
initial apicid	: 1
fpu		: yes
fpu_exception	: yes
cpuid level	: 22
wp		: yes
flags		: fpu vme de pse tsc msr pae mce cx8 apic sep mtrr pge mca cmov pat pse36 clflush dts acpi mmx fxsr sse sse2 ss ht tm pbe syscall nx pdpe1gb rdtscp lm constant_tsc art arch_perfmon pebs bts rep_good nopl xtopology nonstop_tsc cpuid aperfmperf tsc_known_freq pni pclmulqdq dtes64 monitor ds_cpl vmx smx est tm2 ssse3 sdbg fma cx16 xtpr pdcm pcid sse4_1 sse4_2 x2apic movbe popcnt tsc_deadline_timer aes xsave avx f16c rdrand lahf_lm abm 3dnowprefetch cpuid_fault epb invpcid_single pti ssbd ibrs ibpb stibp tpr_shadow vnmi flexpriority ept vpid fsgsbase tsc_adjust bmi1 hle avx2 smep bmi2 erms invpcid rtm mpx rdseed adx smap clflushopt intel_pt xsaveopt xsavec xgetbv1 xsaves dtherm ida arat pln pts hwp hwp_notify hwp_act_window hwp_epp flush_l1d
bugs		: cpu_meltdown spectre_v1 spectre_v2 spec_store_bypass l1tf
bogomips	: 6386.00
clflush size	: 64
cache_alignment	: 64
address sizes	: 39 bits physical, 48 bits virtual
power management:

processor	: 7
vendor_id	: GenuineIntel
cpu family	: 6
model		: 158
model name	: Intel(R) Core(TM) i7-8700 CPU @ 3.20GHz
stepping	: 10
microcode	: 0x96
cpu MHz		: 4299.979
cache size	: 12288 KB
physical id	: 0
siblings	: 12
core id		: 1
cpu cores	: 6
apicid		: 3
initial apicid	: 3
fpu		: yes
fpu_exception	: yes
cpuid level	: 22
wp		: yes
flags		: fpu vme de pse tsc msr pae mce cx8 apic sep mtrr pge mca cmov pat pse36 clflush dts acpi mmx fxsr sse sse2 ss ht tm pbe syscall nx pdpe1gb rdtscp lm constant_tsc art arch_perfmon pebs bts rep_good nopl xtopology nonstop_tsc cpuid aperfmperf tsc_known_freq pni pclmulqdq dtes64 monitor ds_cpl vmx smx est tm2 ssse3 sdbg fma cx16 xtpr pdcm pcid sse4_1 sse4_2 x2apic movbe popcnt tsc_deadline_timer aes xsave avx f16c rdrand lahf_lm abm 3dnowprefetch cpuid_fault epb invpcid_single pti ssbd ibrs ibpb stibp tpr_shadow vnmi flexpriority ept vpid fsgsbase tsc_adjust bmi1 hle avx2 smep bmi2 erms invpcid rtm mpx rdseed adx smap clflushopt intel_pt xsaveopt xsavec xgetbv1 xsaves dtherm ida arat pln pts hwp hwp_notify hwp_act_window hwp_epp flush_l1d
bugs		: cpu_meltdown spectre_v1 spectre_v2 spec_store_bypass l1tf
bogomips	: 6386.00
clflush size	: 64
cache_alignment	: 64
address sizes	: 39 bits physical, 48 bits virtual
power management:

processor	: 8
vendor_id	: GenuineIntel
cpu family	: 6
model		: 158
model name	: Intel(R) Core(TM) i7-8700 CPU @ 3.20GHz
stepping	: 10
microcode	: 0x96
cpu MHz		: 4300.012
cache size	: 12288 KB
physical id	: 0
siblings	: 12
core id		: 2
cpu cores	: 6
apicid		: 5
initial apicid	: 5
fpu		: yes
fpu_exception	: yes
cpuid level	: 22
wp		: yes
flags		: fpu vme de pse tsc msr pae mce cx8 apic sep mtrr pge mca cmov pat pse36 clflush dts acpi mmx fxsr sse sse2 ss ht tm pbe syscall nx pdpe1gb rdtscp lm constant_tsc art arch_perfmon pebs bts rep_good nopl xtopology nonstop_tsc cpuid aperfmperf tsc_known_freq pni pclmulqdq dtes64 monitor ds_cpl vmx smx est tm2 ssse3 sdbg fma cx16 xtpr pdcm pcid sse4_1 sse4_2 x2apic movbe popcnt tsc_deadline_timer aes xsave avx f16c rdrand lahf_lm abm 3dnowprefetch cpuid_fault epb invpcid_single pti ssbd ibrs ibpb stibp tpr_shadow vnmi flexpriority ept vpid fsgsbase tsc_adjust bmi1 hle avx2 smep bmi2 erms invpcid rtm mpx rdseed adx smap clflushopt intel_pt xsaveopt xsavec xgetbv1 xsaves dtherm ida arat pln pts hwp hwp_notify hwp_act_window hwp_epp flush_l1d
bugs		: cpu_meltdown spectre_v1 spectre_v2 spec_store_bypass l1tf
bogomips	: 6386.00
clflush size	: 64
cache_alignment	: 64
address sizes	: 39 bits physical, 48 bits virtual
power management:

processor	: 9
vendor_id	: GenuineIntel
cpu family	: 6
model		: 158
model name	: Intel(R) Core(TM) i7-8700 CPU @ 3.20GHz
stepping	: 10
microcode	: 0x96
cpu MHz		: 4299.952
cache size	: 12288 KB
physical id	: 0
siblings	: 12
core id		: 3
cpu cores	: 6
apicid		: 7
initial apicid	: 7
fpu		: yes
fpu_exception	: yes
cpuid level	: 22
wp		: yes
flags		: fpu vme de pse tsc msr pae mce cx8 apic sep mtrr pge mca cmov pat pse36 clflush dts acpi mmx fxsr sse sse2 ss ht tm pbe syscall nx pdpe1gb rdtscp lm constant_tsc art arch_perfmon pebs bts rep_good nopl xtopology nonstop_tsc cpuid aperfmperf tsc_known_freq pni pclmulqdq dtes64 monitor ds_cpl vmx smx est tm2 ssse3 sdbg fma cx16 xtpr pdcm pcid sse4_1 sse4_2 x2apic movbe popcnt tsc_deadline_timer aes xsave avx f16c rdrand lahf_lm abm 3dnowprefetch cpuid_fault epb invpcid_single pti ssbd ibrs ibpb stibp tpr_shadow vnmi flexpriority ept vpid fsgsbase tsc_adjust bmi1 hle avx2 smep bmi2 erms invpcid rtm mpx rdseed adx smap clflushopt intel_pt xsaveopt xsavec xgetbv1 xsaves dtherm ida arat pln pts hwp hwp_notify hwp_act_window hwp_epp flush_l1d
bugs		: cpu_meltdown spectre_v1 spectre_v2 spec_store_bypass l1tf
bogomips	: 6386.00
clflush size	: 64
cache_alignment	: 64
address sizes	: 39 bits physical, 48 bits virtual
power management:

processor	: 10
vendor_id	: GenuineIntel
cpu family	: 6
model		: 158
model name	: Intel(R) Core(TM) i7-8700 CPU @ 3.20GHz
stepping	: 10
microcode	: 0x96
cpu MHz		: 4299.745
cache size	: 12288 KB
physical id	: 0
siblings	: 12
core id		: 4
cpu cores	: 6
apicid		: 9
initial apicid	: 9
fpu		: yes
fpu_exception	: yes
cpuid level	: 22
wp		: yes
flags		: fpu vme de pse tsc msr pae mce cx8 apic sep mtrr pge mca cmov pat pse36 clflush dts acpi mmx fxsr sse sse2 ss ht tm pbe syscall nx pdpe1gb rdtscp lm constant_tsc art arch_perfmon pebs bts rep_good nopl xtopology nonstop_tsc cpuid aperfmperf tsc_known_freq pni pclmulqdq dtes64 monitor ds_cpl vmx smx est tm2 ssse3 sdbg fma cx16 xtpr pdcm pcid sse4_1 sse4_2 x2apic movbe popcnt tsc_deadline_timer aes xsave avx f16c rdrand lahf_lm abm 3dnowprefetch cpuid_fault epb invpcid_single pti ssbd ibrs ibpb stibp tpr_shadow vnmi flexpriority ept vpid fsgsbase tsc_adjust bmi1 hle avx2 smep bmi2 erms invpcid rtm mpx rdseed adx smap clflushopt intel_pt xsaveopt xsavec xgetbv1 xsaves dtherm ida arat pln pts hwp hwp_notify hwp_act_window hwp_epp flush_l1d
bugs		: cpu_meltdown spectre_v1 spectre_v2 spec_store_bypass l1tf
bogomips	: 6386.00
clflush size	: 64
cache_alignment	: 64
address sizes	: 39 bits physical, 48 bits virtual
power management:

processor	: 11
vendor_id	: GenuineIntel
cpu family	: 6
model		: 158
model name	: Intel(R) Core(TM) i7-8700 CPU @ 3.20GHz
stepping	: 10
microcode	: 0x96
cpu MHz		: 4299.998
cache size	: 12288 KB
physical id	: 0
siblings	: 12
core id		: 5
cpu cores	: 6
apicid		: 11
initial apicid	: 11
fpu		: yes
fpu_exception	: yes
cpuid level	: 22
wp		: yes
flags		: fpu vme de pse tsc msr pae mce cx8 apic sep mtrr pge mca cmov pat pse36 clflush dts acpi mmx fxsr sse sse2 ss ht tm pbe syscall nx pdpe1gb rdtscp lm constant_tsc art arch_perfmon pebs bts rep_good nopl xtopology nonstop_tsc cpuid aperfmperf tsc_known_freq pni pclmulqdq dtes64 monitor ds_cpl vmx smx est tm2 ssse3 sdbg fma cx16 xtpr pdcm pcid sse4_1 sse4_2 x2apic movbe popcnt tsc_deadline_timer aes xsave avx f16c rdrand lahf_lm abm 3dnowprefetch cpuid_fault epb invpcid_single pti ssbd ibrs ibpb stibp tpr_shadow vnmi flexpriority ept vpid fsgsbase tsc_adjust bmi1 hle avx2 smep bmi2 erms invpcid rtm mpx rdseed adx smap clflushopt intel_pt xsaveopt xsavec xgetbv1 xsaves dtherm ida arat pln pts hwp hwp_notify hwp_act_window hwp_epp flush_l1d
bugs		: cpu_meltdown spectre_v1 spectre_v2 spec_store_bypass l1tf
bogomips	: 6386.00
clflush size	: 64
cache_alignment	: 64
address sizes	: 39 bits physical, 48 bits virtual
power management:



Memory: 4k page, physical 16215884k(180164k free), swap 3631100k(0k free)

vm_info: OpenJDK 64-Bit Server VM (25.202-b39) for linux-amd64 JRE (1.8.0_202-release-1483-b39), built on Mar  7 2019 20:05:01 by "root" with gcc 4.4.7 20120313 (Red Hat 4.4.7-16)

time: Fri May 31 00:36:37 2019
timezone: NZST
elapsed time: 0 seconds (0d 0h 0m 0s)

