2019-05-31 21:45:45,146 - Log4JLogChute initialized using file 'velocity.log'
2019-05-31 21:45:45,146 - Initializing Velocity, Calling init()...
2019-05-31 21:45:45,146 - Starting Apache Velocity v1.7 (compiled: 2010-11-19 12:14:37)
2019-05-31 21:45:45,146 - Default Properties File: org/apache/velocity/runtime/defaults/velocity.properties
2019-05-31 21:45:45,146 - Trying to use logger class org.apache.velocity.runtime.log.AvalonLogChute
2019-05-31 21:45:45,146 - Target log system for org.apache.velocity.runtime.log.AvalonLogChute is not available (java.lang.NoClassDefFoundError: org/apache/log/format/Formatter).  Falling back to next log system...
2019-05-31 21:45:45,146 - Trying to use logger class org.apache.velocity.runtime.log.Log4JLogChute
2019-05-31 21:45:45,146 - Using logger class org.apache.velocity.runtime.log.Log4JLogChute
2019-05-31 21:45:45,149 - ResourceLoader instantiated: org.apache.velocity.runtime.resource.loader.FileResourceLoader
2019-05-31 21:45:45,149 - Do unicode file recognition:  false
2019-05-31 21:45:45,149 - FileResourceLoader : adding path '.'
2019-05-31 21:45:45,153 - ResourceCache: initialized (class org.apache.velocity.runtime.resource.ResourceCacheImpl) with class java.util.Collections$SynchronizedMap cache map.
2019-05-31 21:45:45,154 - Loaded System Directive: org.apache.velocity.runtime.directive.Stop
2019-05-31 21:45:45,154 - Loaded System Directive: org.apache.velocity.runtime.directive.Define
2019-05-31 21:45:45,155 - Loaded System Directive: org.apache.velocity.runtime.directive.Break
2019-05-31 21:45:45,155 - Loaded System Directive: org.apache.velocity.runtime.directive.Evaluate
2019-05-31 21:45:45,156 - Loaded System Directive: org.apache.velocity.runtime.directive.Literal
2019-05-31 21:45:45,156 - Loaded System Directive: org.apache.velocity.runtime.directive.Macro
2019-05-31 21:45:45,157 - Loaded System Directive: org.apache.velocity.runtime.directive.Parse
2019-05-31 21:45:45,158 - Loaded System Directive: org.apache.velocity.runtime.directive.Include
2019-05-31 21:45:45,158 - Loaded System Directive: org.apache.velocity.runtime.directive.Foreach
2019-05-31 21:45:45,172 - Created '20' parsers.
2019-05-31 21:45:45,174 - Velocimacro : "velocimacro.library" is not set.  Trying default library: VM_global_library.vm
2019-05-31 21:45:45,175 - Velocimacro : Default library not found.
2019-05-31 21:45:45,175 - Velocimacro : allowInline = true : VMs can be defined inline in templates
2019-05-31 21:45:45,175 - Velocimacro : allowInlineToOverride = false : VMs defined inline may NOT replace previous VM definitions
2019-05-31 21:45:45,175 - Velocimacro : allowInlineLocal = false : VMs defined inline will be global in scope if allowed.
2019-05-31 21:45:45,175 - Velocimacro : autoload off : VM system will not automatically reload global library macros
2019-05-31 21:54:24,644 - Log4JLogChute initialized using file 'velocity.log'
2019-05-31 21:54:24,645 - Initializing Velocity, Calling init()...
2019-05-31 21:54:24,645 - Starting Apache Velocity v1.7 (compiled: 2010-11-19 12:14:37)
2019-05-31 21:54:24,645 - Default Properties File: org/apache/velocity/runtime/defaults/velocity.properties
2019-05-31 21:54:24,645 - Trying to use logger class org.apache.velocity.runtime.log.AvalonLogChute
2019-05-31 21:54:24,645 - Target log system for org.apache.velocity.runtime.log.AvalonLogChute is not available (java.lang.NoClassDefFoundError: org/apache/log/format/Formatter).  Falling back to next log system...
2019-05-31 21:54:24,645 - Trying to use logger class org.apache.velocity.runtime.log.Log4JLogChute
2019-05-31 21:54:24,645 - Using logger class org.apache.velocity.runtime.log.Log4JLogChute
2019-05-31 21:54:24,647 - ResourceLoader instantiated: org.apache.velocity.runtime.resource.loader.FileResourceLoader
2019-05-31 21:54:24,647 - Do unicode file recognition:  false
2019-05-31 21:54:24,647 - FileResourceLoader : adding path '.'
2019-05-31 21:54:24,652 - ResourceCache: initialized (class org.apache.velocity.runtime.resource.ResourceCacheImpl) with class java.util.Collections$SynchronizedMap cache map.
2019-05-31 21:54:24,652 - Loaded System Directive: org.apache.velocity.runtime.directive.Stop
2019-05-31 21:54:24,653 - Loaded System Directive: org.apache.velocity.runtime.directive.Define
2019-05-31 21:54:24,653 - Loaded System Directive: org.apache.velocity.runtime.directive.Break
2019-05-31 21:54:24,654 - Loaded System Directive: org.apache.velocity.runtime.directive.Evaluate
2019-05-31 21:54:24,654 - Loaded System Directive: org.apache.velocity.runtime.directive.Literal
2019-05-31 21:54:24,655 - Loaded System Directive: org.apache.velocity.runtime.directive.Macro
2019-05-31 21:54:24,655 - Loaded System Directive: org.apache.velocity.runtime.directive.Parse
2019-05-31 21:54:24,656 - Loaded System Directive: org.apache.velocity.runtime.directive.Include
2019-05-31 21:54:24,656 - Loaded System Directive: org.apache.velocity.runtime.directive.Foreach
2019-05-31 21:54:24,668 - Created '20' parsers.
2019-05-31 21:54:24,670 - Velocimacro : "velocimacro.library" is not set.  Trying default library: VM_global_library.vm
2019-05-31 21:54:24,670 - Velocimacro : Default library not found.
2019-05-31 21:54:24,670 - Velocimacro : allowInline = true : VMs can be defined inline in templates
2019-05-31 21:54:24,670 - Velocimacro : allowInlineToOverride = false : VMs defined inline may NOT replace previous VM definitions
2019-05-31 21:54:24,670 - Velocimacro : allowInlineLocal = false : VMs defined inline will be global in scope if allowed.
2019-05-31 21:54:24,670 - Velocimacro : autoload off : VM system will not automatically reload global library macros
2019-05-31 21:55:13,139 - Log4JLogChute initialized using file 'velocity.log'
2019-05-31 21:55:13,139 - Initializing Velocity, Calling init()...
2019-05-31 21:55:13,139 - Starting Apache Velocity v1.7 (compiled: 2010-11-19 12:14:37)
2019-05-31 21:55:13,139 - Default Properties File: org/apache/velocity/runtime/defaults/velocity.properties
2019-05-31 21:55:13,139 - Trying to use logger class org.apache.velocity.runtime.log.AvalonLogChute
2019-05-31 21:55:13,139 - Target log system for org.apache.velocity.runtime.log.AvalonLogChute is not available (java.lang.NoClassDefFoundError: org/apache/log/format/Formatter).  Falling back to next log system...
2019-05-31 21:55:13,139 - Trying to use logger class org.apache.velocity.runtime.log.Log4JLogChute
2019-05-31 21:55:13,139 - Using logger class org.apache.velocity.runtime.log.Log4JLogChute
2019-05-31 21:55:13,142 - ResourceLoader instantiated: org.apache.velocity.runtime.resource.loader.FileResourceLoader
2019-05-31 21:55:13,143 - Do unicode file recognition:  false
2019-05-31 21:55:13,143 - FileResourceLoader : adding path '.'
2019-05-31 21:55:13,149 - ResourceCache: initialized (class org.apache.velocity.runtime.resource.ResourceCacheImpl) with class java.util.Collections$SynchronizedMap cache map.
2019-05-31 21:55:13,150 - Loaded System Directive: org.apache.velocity.runtime.directive.Stop
2019-05-31 21:55:13,151 - Loaded System Directive: org.apache.velocity.runtime.directive.Define
2019-05-31 21:55:13,151 - Loaded System Directive: org.apache.velocity.runtime.directive.Break
2019-05-31 21:55:13,151 - Loaded System Directive: org.apache.velocity.runtime.directive.Evaluate
2019-05-31 21:55:13,152 - Loaded System Directive: org.apache.velocity.runtime.directive.Literal
2019-05-31 21:55:13,152 - Loaded System Directive: org.apache.velocity.runtime.directive.Macro
2019-05-31 21:55:13,153 - Loaded System Directive: org.apache.velocity.runtime.directive.Parse
2019-05-31 21:55:13,153 - Loaded System Directive: org.apache.velocity.runtime.directive.Include
2019-05-31 21:55:13,154 - Loaded System Directive: org.apache.velocity.runtime.directive.Foreach
2019-05-31 21:55:13,167 - Created '20' parsers.
2019-05-31 21:55:13,169 - Velocimacro : "velocimacro.library" is not set.  Trying default library: VM_global_library.vm
2019-05-31 21:55:13,169 - Velocimacro : Default library not found.
2019-05-31 21:55:13,169 - Velocimacro : allowInline = true : VMs can be defined inline in templates
2019-05-31 21:55:13,169 - Velocimacro : allowInlineToOverride = false : VMs defined inline may NOT replace previous VM definitions
2019-05-31 21:55:13,169 - Velocimacro : allowInlineLocal = false : VMs defined inline will be global in scope if allowed.
2019-05-31 21:55:13,169 - Velocimacro : autoload off : VM system will not automatically reload global library macros
2019-05-31 22:00:07,091 - Log4JLogChute initialized using file 'velocity.log'
2019-05-31 22:00:07,092 - Initializing Velocity, Calling init()...
2019-05-31 22:00:07,092 - Starting Apache Velocity v1.7 (compiled: 2010-11-19 12:14:37)
2019-05-31 22:00:07,092 - Default Properties File: org/apache/velocity/runtime/defaults/velocity.properties
2019-05-31 22:00:07,092 - Trying to use logger class org.apache.velocity.runtime.log.AvalonLogChute
2019-05-31 22:00:07,092 - Target log system for org.apache.velocity.runtime.log.AvalonLogChute is not available (java.lang.NoClassDefFoundError: org/apache/log/format/Formatter).  Falling back to next log system...
2019-05-31 22:00:07,092 - Trying to use logger class org.apache.velocity.runtime.log.Log4JLogChute
2019-05-31 22:00:07,092 - Using logger class org.apache.velocity.runtime.log.Log4JLogChute
2019-05-31 22:00:07,093 - ResourceLoader instantiated: org.apache.velocity.runtime.resource.loader.FileResourceLoader
2019-05-31 22:00:07,094 - Do unicode file recognition:  false
2019-05-31 22:00:07,094 - FileResourceLoader : adding path '.'
2019-05-31 22:00:07,099 - ResourceCache: initialized (class org.apache.velocity.runtime.resource.ResourceCacheImpl) with class java.util.Collections$SynchronizedMap cache map.
2019-05-31 22:00:07,100 - Loaded System Directive: org.apache.velocity.runtime.directive.Stop
2019-05-31 22:00:07,100 - Loaded System Directive: org.apache.velocity.runtime.directive.Define
2019-05-31 22:00:07,101 - Loaded System Directive: org.apache.velocity.runtime.directive.Break
2019-05-31 22:00:07,101 - Loaded System Directive: org.apache.velocity.runtime.directive.Evaluate
2019-05-31 22:00:07,101 - Loaded System Directive: org.apache.velocity.runtime.directive.Literal
2019-05-31 22:00:07,102 - Loaded System Directive: org.apache.velocity.runtime.directive.Macro
2019-05-31 22:00:07,103 - Loaded System Directive: org.apache.velocity.runtime.directive.Parse
2019-05-31 22:00:07,103 - Loaded System Directive: org.apache.velocity.runtime.directive.Include
2019-05-31 22:00:07,104 - Loaded System Directive: org.apache.velocity.runtime.directive.Foreach
2019-05-31 22:00:07,117 - Created '20' parsers.
2019-05-31 22:00:07,119 - Velocimacro : "velocimacro.library" is not set.  Trying default library: VM_global_library.vm
2019-05-31 22:00:07,119 - Velocimacro : Default library not found.
2019-05-31 22:00:07,119 - Velocimacro : allowInline = true : VMs can be defined inline in templates
2019-05-31 22:00:07,119 - Velocimacro : allowInlineToOverride = false : VMs defined inline may NOT replace previous VM definitions
2019-05-31 22:00:07,119 - Velocimacro : allowInlineLocal = false : VMs defined inline will be global in scope if allowed.
2019-05-31 22:00:07,119 - Velocimacro : autoload off : VM system will not automatically reload global library macros
2019-05-31 22:03:48,915 - Log4JLogChute initialized using file 'velocity.log'
2019-05-31 22:03:48,915 - Initializing Velocity, Calling init()...
2019-05-31 22:03:48,915 - Starting Apache Velocity v1.7 (compiled: 2010-11-19 12:14:37)
2019-05-31 22:03:48,915 - Default Properties File: org/apache/velocity/runtime/defaults/velocity.properties
2019-05-31 22:03:48,915 - Trying to use logger class org.apache.velocity.runtime.log.AvalonLogChute
2019-05-31 22:03:48,915 - Target log system for org.apache.velocity.runtime.log.AvalonLogChute is not available (java.lang.NoClassDefFoundError: org/apache/log/format/Formatter).  Falling back to next log system...
2019-05-31 22:03:48,915 - Trying to use logger class org.apache.velocity.runtime.log.Log4JLogChute
2019-05-31 22:03:48,915 - Using logger class org.apache.velocity.runtime.log.Log4JLogChute
2019-05-31 22:03:48,917 - ResourceLoader instantiated: org.apache.velocity.runtime.resource.loader.FileResourceLoader
2019-05-31 22:03:48,918 - Do unicode file recognition:  false
2019-05-31 22:03:48,918 - FileResourceLoader : adding path '.'
2019-05-31 22:03:48,922 - ResourceCache: initialized (class org.apache.velocity.runtime.resource.ResourceCacheImpl) with class java.util.Collections$SynchronizedMap cache map.
2019-05-31 22:03:48,923 - Loaded System Directive: org.apache.velocity.runtime.directive.Stop
2019-05-31 22:03:48,923 - Loaded System Directive: org.apache.velocity.runtime.directive.Define
2019-05-31 22:03:48,924 - Loaded System Directive: org.apache.velocity.runtime.directive.Break
2019-05-31 22:03:48,924 - Loaded System Directive: org.apache.velocity.runtime.directive.Evaluate
2019-05-31 22:03:48,924 - Loaded System Directive: org.apache.velocity.runtime.directive.Literal
2019-05-31 22:03:48,925 - Loaded System Directive: org.apache.velocity.runtime.directive.Macro
2019-05-31 22:03:48,926 - Loaded System Directive: org.apache.velocity.runtime.directive.Parse
2019-05-31 22:03:48,926 - Loaded System Directive: org.apache.velocity.runtime.directive.Include
2019-05-31 22:03:48,927 - Loaded System Directive: org.apache.velocity.runtime.directive.Foreach
2019-05-31 22:03:48,940 - Created '20' parsers.
2019-05-31 22:03:48,942 - Velocimacro : "velocimacro.library" is not set.  Trying default library: VM_global_library.vm
2019-05-31 22:03:48,942 - Velocimacro : Default library not found.
2019-05-31 22:03:48,942 - Velocimacro : allowInline = true : VMs can be defined inline in templates
2019-05-31 22:03:48,942 - Velocimacro : allowInlineToOverride = false : VMs defined inline may NOT replace previous VM definitions
2019-05-31 22:03:48,942 - Velocimacro : allowInlineLocal = false : VMs defined inline will be global in scope if allowed.
2019-05-31 22:03:48,942 - Velocimacro : autoload off : VM system will not automatically reload global library macros
2019-05-31 22:04:23,403 - Log4JLogChute initialized using file 'velocity.log'
2019-05-31 22:04:23,403 - Initializing Velocity, Calling init()...
2019-05-31 22:04:23,403 - Starting Apache Velocity v1.7 (compiled: 2010-11-19 12:14:37)
2019-05-31 22:04:23,404 - Default Properties File: org/apache/velocity/runtime/defaults/velocity.properties
2019-05-31 22:04:23,404 - Trying to use logger class org.apache.velocity.runtime.log.AvalonLogChute
2019-05-31 22:04:23,404 - Target log system for org.apache.velocity.runtime.log.AvalonLogChute is not available (java.lang.NoClassDefFoundError: org/apache/log/format/Formatter).  Falling back to next log system...
2019-05-31 22:04:23,404 - Trying to use logger class org.apache.velocity.runtime.log.Log4JLogChute
2019-05-31 22:04:23,404 - Using logger class org.apache.velocity.runtime.log.Log4JLogChute
2019-05-31 22:04:23,406 - ResourceLoader instantiated: org.apache.velocity.runtime.resource.loader.FileResourceLoader
2019-05-31 22:04:23,407 - Do unicode file recognition:  false
2019-05-31 22:04:23,407 - FileResourceLoader : adding path '.'
2019-05-31 22:04:23,415 - ResourceCache: initialized (class org.apache.velocity.runtime.resource.ResourceCacheImpl) with class java.util.Collections$SynchronizedMap cache map.
2019-05-31 22:04:23,416 - Loaded System Directive: org.apache.velocity.runtime.directive.Stop
2019-05-31 22:04:23,416 - Loaded System Directive: org.apache.velocity.runtime.directive.Define
2019-05-31 22:04:23,416 - Loaded System Directive: org.apache.velocity.runtime.directive.Break
2019-05-31 22:04:23,417 - Loaded System Directive: org.apache.velocity.runtime.directive.Evaluate
2019-05-31 22:04:23,417 - Loaded System Directive: org.apache.velocity.runtime.directive.Literal
2019-05-31 22:04:23,418 - Loaded System Directive: org.apache.velocity.runtime.directive.Macro
2019-05-31 22:04:23,419 - Loaded System Directive: org.apache.velocity.runtime.directive.Parse
2019-05-31 22:04:23,419 - Loaded System Directive: org.apache.velocity.runtime.directive.Include
2019-05-31 22:04:23,420 - Loaded System Directive: org.apache.velocity.runtime.directive.Foreach
2019-05-31 22:04:23,436 - Created '20' parsers.
2019-05-31 22:04:23,438 - Velocimacro : "velocimacro.library" is not set.  Trying default library: VM_global_library.vm
2019-05-31 22:04:23,438 - Velocimacro : Default library not found.
2019-05-31 22:04:23,438 - Velocimacro : allowInline = true : VMs can be defined inline in templates
2019-05-31 22:04:23,438 - Velocimacro : allowInlineToOverride = false : VMs defined inline may NOT replace previous VM definitions
2019-05-31 22:04:23,438 - Velocimacro : allowInlineLocal = false : VMs defined inline will be global in scope if allowed.
2019-05-31 22:04:23,438 - Velocimacro : autoload off : VM system will not automatically reload global library macros
2019-05-31 22:04:56,736 - Log4JLogChute initialized using file 'velocity.log'
2019-05-31 22:04:56,736 - Initializing Velocity, Calling init()...
2019-05-31 22:04:56,736 - Starting Apache Velocity v1.7 (compiled: 2010-11-19 12:14:37)
2019-05-31 22:04:56,736 - Default Properties File: org/apache/velocity/runtime/defaults/velocity.properties
2019-05-31 22:04:56,736 - Trying to use logger class org.apache.velocity.runtime.log.AvalonLogChute
2019-05-31 22:04:56,736 - Target log system for org.apache.velocity.runtime.log.AvalonLogChute is not available (java.lang.NoClassDefFoundError: org/apache/log/format/Formatter).  Falling back to next log system...
2019-05-31 22:04:56,736 - Trying to use logger class org.apache.velocity.runtime.log.Log4JLogChute
2019-05-31 22:04:56,736 - Using logger class org.apache.velocity.runtime.log.Log4JLogChute
2019-05-31 22:04:56,738 - ResourceLoader instantiated: org.apache.velocity.runtime.resource.loader.FileResourceLoader
2019-05-31 22:04:56,738 - Do unicode file recognition:  false
2019-05-31 22:04:56,738 - FileResourceLoader : adding path '.'
2019-05-31 22:04:56,743 - ResourceCache: initialized (class org.apache.velocity.runtime.resource.ResourceCacheImpl) with class java.util.Collections$SynchronizedMap cache map.
2019-05-31 22:04:56,744 - Loaded System Directive: org.apache.velocity.runtime.directive.Stop
2019-05-31 22:04:56,744 - Loaded System Directive: org.apache.velocity.runtime.directive.Define
2019-05-31 22:04:56,745 - Loaded System Directive: org.apache.velocity.runtime.directive.Break
2019-05-31 22:04:56,745 - Loaded System Directive: org.apache.velocity.runtime.directive.Evaluate
2019-05-31 22:04:56,745 - Loaded System Directive: org.apache.velocity.runtime.directive.Literal
2019-05-31 22:04:56,746 - Loaded System Directive: org.apache.velocity.runtime.directive.Macro
2019-05-31 22:04:56,747 - Loaded System Directive: org.apache.velocity.runtime.directive.Parse
2019-05-31 22:04:56,747 - Loaded System Directive: org.apache.velocity.runtime.directive.Include
2019-05-31 22:04:56,748 - Loaded System Directive: org.apache.velocity.runtime.directive.Foreach
2019-05-31 22:04:56,762 - Created '20' parsers.
2019-05-31 22:04:56,764 - Velocimacro : "velocimacro.library" is not set.  Trying default library: VM_global_library.vm
2019-05-31 22:04:56,764 - Velocimacro : Default library not found.
2019-05-31 22:04:56,764 - Velocimacro : allowInline = true : VMs can be defined inline in templates
2019-05-31 22:04:56,764 - Velocimacro : allowInlineToOverride = false : VMs defined inline may NOT replace previous VM definitions
2019-05-31 22:04:56,764 - Velocimacro : allowInlineLocal = false : VMs defined inline will be global in scope if allowed.
2019-05-31 22:04:56,765 - Velocimacro : autoload off : VM system will not automatically reload global library macros
2019-05-31 22:22:45,553 - Log4JLogChute initialized using file 'velocity.log'
2019-05-31 22:22:45,553 - Initializing Velocity, Calling init()...
2019-05-31 22:22:45,553 - Starting Apache Velocity v1.7 (compiled: 2010-11-19 12:14:37)
2019-05-31 22:22:45,553 - Default Properties File: org/apache/velocity/runtime/defaults/velocity.properties
2019-05-31 22:22:45,553 - Trying to use logger class org.apache.velocity.runtime.log.AvalonLogChute
2019-05-31 22:22:45,553 - Target log system for org.apache.velocity.runtime.log.AvalonLogChute is not available (java.lang.NoClassDefFoundError: org/apache/log/format/Formatter).  Falling back to next log system...
2019-05-31 22:22:45,554 - Trying to use logger class org.apache.velocity.runtime.log.Log4JLogChute
2019-05-31 22:22:45,554 - Using logger class org.apache.velocity.runtime.log.Log4JLogChute
2019-05-31 22:22:45,555 - ResourceLoader instantiated: org.apache.velocity.runtime.resource.loader.FileResourceLoader
2019-05-31 22:22:45,556 - Do unicode file recognition:  false
2019-05-31 22:22:45,556 - FileResourceLoader : adding path '.'
2019-05-31 22:22:45,560 - ResourceCache: initialized (class org.apache.velocity.runtime.resource.ResourceCacheImpl) with class java.util.Collections$SynchronizedMap cache map.
2019-05-31 22:22:45,561 - Loaded System Directive: org.apache.velocity.runtime.directive.Stop
2019-05-31 22:22:45,561 - Loaded System Directive: org.apache.velocity.runtime.directive.Define
2019-05-31 22:22:45,562 - Loaded System Directive: org.apache.velocity.runtime.directive.Break
2019-05-31 22:22:45,562 - Loaded System Directive: org.apache.velocity.runtime.directive.Evaluate
2019-05-31 22:22:45,562 - Loaded System Directive: org.apache.velocity.runtime.directive.Literal
2019-05-31 22:22:45,563 - Loaded System Directive: org.apache.velocity.runtime.directive.Macro
2019-05-31 22:22:45,564 - Loaded System Directive: org.apache.velocity.runtime.directive.Parse
2019-05-31 22:22:45,564 - Loaded System Directive: org.apache.velocity.runtime.directive.Include
2019-05-31 22:22:45,564 - Loaded System Directive: org.apache.velocity.runtime.directive.Foreach
2019-05-31 22:22:45,577 - Created '20' parsers.
2019-05-31 22:22:45,579 - Velocimacro : "velocimacro.library" is not set.  Trying default library: VM_global_library.vm
2019-05-31 22:22:45,579 - Velocimacro : Default library not found.
2019-05-31 22:22:45,579 - Velocimacro : allowInline = true : VMs can be defined inline in templates
2019-05-31 22:22:45,579 - Velocimacro : allowInlineToOverride = false : VMs defined inline may NOT replace previous VM definitions
2019-05-31 22:22:45,579 - Velocimacro : allowInlineLocal = false : VMs defined inline will be global in scope if allowed.
2019-05-31 22:22:45,579 - Velocimacro : autoload off : VM system will not automatically reload global library macros
2019-05-31 22:23:24,463 - Log4JLogChute initialized using file 'velocity.log'
2019-05-31 22:23:24,463 - Initializing Velocity, Calling init()...
2019-05-31 22:23:24,463 - Starting Apache Velocity v1.7 (compiled: 2010-11-19 12:14:37)
2019-05-31 22:23:24,463 - Default Properties File: org/apache/velocity/runtime/defaults/velocity.properties
2019-05-31 22:23:24,463 - Trying to use logger class org.apache.velocity.runtime.log.AvalonLogChute
2019-05-31 22:23:24,463 - Target log system for org.apache.velocity.runtime.log.AvalonLogChute is not available (java.lang.NoClassDefFoundError: org/apache/log/format/Formatter).  Falling back to next log system...
2019-05-31 22:23:24,463 - Trying to use logger class org.apache.velocity.runtime.log.Log4JLogChute
2019-05-31 22:23:24,463 - Using logger class org.apache.velocity.runtime.log.Log4JLogChute
2019-05-31 22:23:24,465 - ResourceLoader instantiated: org.apache.velocity.runtime.resource.loader.FileResourceLoader
2019-05-31 22:23:24,465 - Do unicode file recognition:  false
2019-05-31 22:23:24,466 - FileResourceLoader : adding path '.'
2019-05-31 22:23:24,470 - ResourceCache: initialized (class org.apache.velocity.runtime.resource.ResourceCacheImpl) with class java.util.Collections$SynchronizedMap cache map.
2019-05-31 22:23:24,471 - Loaded System Directive: org.apache.velocity.runtime.directive.Stop
2019-05-31 22:23:24,472 - Loaded System Directive: org.apache.velocity.runtime.directive.Define
2019-05-31 22:23:24,472 - Loaded System Directive: org.apache.velocity.runtime.directive.Break
2019-05-31 22:23:24,473 - Loaded System Directive: org.apache.velocity.runtime.directive.Evaluate
2019-05-31 22:23:24,473 - Loaded System Directive: org.apache.velocity.runtime.directive.Literal
2019-05-31 22:23:24,474 - Loaded System Directive: org.apache.velocity.runtime.directive.Macro
2019-05-31 22:23:24,474 - Loaded System Directive: org.apache.velocity.runtime.directive.Parse
2019-05-31 22:23:24,475 - Loaded System Directive: org.apache.velocity.runtime.directive.Include
2019-05-31 22:23:24,475 - Loaded System Directive: org.apache.velocity.runtime.directive.Foreach
2019-05-31 22:23:24,487 - Created '20' parsers.
2019-05-31 22:23:24,489 - Velocimacro : "velocimacro.library" is not set.  Trying default library: VM_global_library.vm
2019-05-31 22:23:24,489 - Velocimacro : Default library not found.
2019-05-31 22:23:24,489 - Velocimacro : allowInline = true : VMs can be defined inline in templates
2019-05-31 22:23:24,490 - Velocimacro : allowInlineToOverride = false : VMs defined inline may NOT replace previous VM definitions
2019-05-31 22:23:24,490 - Velocimacro : allowInlineLocal = false : VMs defined inline will be global in scope if allowed.
2019-05-31 22:23:24,490 - Velocimacro : autoload off : VM system will not automatically reload global library macros
2019-05-31 22:26:05,600 - Log4JLogChute initialized using file 'velocity.log'
2019-05-31 22:26:05,601 - Initializing Velocity, Calling init()...
2019-05-31 22:26:05,601 - Starting Apache Velocity v1.7 (compiled: 2010-11-19 12:14:37)
2019-05-31 22:26:05,601 - Default Properties File: org/apache/velocity/runtime/defaults/velocity.properties
2019-05-31 22:26:05,601 - Trying to use logger class org.apache.velocity.runtime.log.AvalonLogChute
2019-05-31 22:26:05,601 - Target log system for org.apache.velocity.runtime.log.AvalonLogChute is not available (java.lang.NoClassDefFoundError: org/apache/log/format/Formatter).  Falling back to next log system...
2019-05-31 22:26:05,601 - Trying to use logger class org.apache.velocity.runtime.log.Log4JLogChute
2019-05-31 22:26:05,601 - Using logger class org.apache.velocity.runtime.log.Log4JLogChute
2019-05-31 22:26:05,603 - ResourceLoader instantiated: org.apache.velocity.runtime.resource.loader.FileResourceLoader
2019-05-31 22:26:05,604 - Do unicode file recognition:  false
2019-05-31 22:26:05,604 - FileResourceLoader : adding path '.'
2019-05-31 22:26:05,609 - ResourceCache: initialized (class org.apache.velocity.runtime.resource.ResourceCacheImpl) with class java.util.Collections$SynchronizedMap cache map.
2019-05-31 22:26:05,610 - Loaded System Directive: org.apache.velocity.runtime.directive.Stop
2019-05-31 22:26:05,610 - Loaded System Directive: org.apache.velocity.runtime.directive.Define
2019-05-31 22:26:05,610 - Loaded System Directive: org.apache.velocity.runtime.directive.Break
2019-05-31 22:26:05,611 - Loaded System Directive: org.apache.velocity.runtime.directive.Evaluate
2019-05-31 22:26:05,611 - Loaded System Directive: org.apache.velocity.runtime.directive.Literal
2019-05-31 22:26:05,612 - Loaded System Directive: org.apache.velocity.runtime.directive.Macro
2019-05-31 22:26:05,613 - Loaded System Directive: org.apache.velocity.runtime.directive.Parse
2019-05-31 22:26:05,613 - Loaded System Directive: org.apache.velocity.runtime.directive.Include
2019-05-31 22:26:05,614 - Loaded System Directive: org.apache.velocity.runtime.directive.Foreach
2019-05-31 22:26:05,628 - Created '20' parsers.
2019-05-31 22:26:05,630 - Velocimacro : "velocimacro.library" is not set.  Trying default library: VM_global_library.vm
2019-05-31 22:26:05,630 - Velocimacro : Default library not found.
2019-05-31 22:26:05,630 - Velocimacro : allowInline = true : VMs can be defined inline in templates
2019-05-31 22:26:05,630 - Velocimacro : allowInlineToOverride = false : VMs defined inline may NOT replace previous VM definitions
2019-05-31 22:26:05,630 - Velocimacro : allowInlineLocal = false : VMs defined inline will be global in scope if allowed.
2019-05-31 22:26:05,630 - Velocimacro : autoload off : VM system will not automatically reload global library macros
